<?xml version="1.0" encoding="UTF-8" ?>
<testsuites>
<testsuite name="Validate article functionality" errors="0" tests="6" failures="0" time="0.825" timestamp="2019-04-04T21:50:41">
  <testcase classname="Validate article functionality" name="Reset the database with initiate dataset" time="0.27"></testcase>
  <testcase classname="Validate article functionality" name="should login with correct username and password" time="0.064"></testcase>
  <testcase classname="Validate article functionality" name="should return at least 5 articles if test user is logged in user" time="0.124"></testcase>
  <testcase classname="Validate article functionality" name="should get the post with invalid id" time="0.072"></testcase>
  <testcase classname="Validate article functionality" name="should get the post with valid id" time="0.064"></testcase>
  <testcase classname="Validate article functionality" name="should add a article for logged in user" time="0.228"></testcase>
</testsuite>
</testsuites>